<?xml version="1.0" encoding="utf-8"?><testsuites name="pytest tests"><testsuite name="pytest" errors="0" failures="1" skipped="0" tests="666" time="70.920" timestamp="2026-08-31T13:12:31.538297+12:00" hostname="DESKTOP-VK706T9"><testcase classname="tests.test_archive_format" name="test_empty_destination_is_detected_without_creating_state" time="0.009" /><testcase classname="tests.test_archive_format" name="test_preview_is_read_only_and_reports_empty_initializable_format" time="0.024" /><testcase classname="tests.test_archive_format" name="test_first_execution_creates_frozen_v1_manifest" time="0.174" /><testcase classname="tests.test_archive_format" name="test_supported_manifest_is_idempotent" time="0.017" /><testcase classname="tests.test_archive_format" name="test_unknown_future_format_fails_closed_before_run_mutation" time="0.025" /><testcase classname="tests.test_archive_format" name="test_unknown_manifest_schema_fails_closed" time="0.013" /><testcase classname="tests.test_archive_format" name="test_foreign_nonempty_destination_is_not_claimed_as_gpa_archive" time="0.005" /><testcase classname="tests.test_archive_format" name="test_recognizable_legacy_archive_requires_explicit_upgrade" time="0.029" /><testcase classname="tests.test_archive_format" name="test_legacy_upgrade_is_metadata_only_and_records_preupgrade_tree_hash" time="0.037" /><testcase classname="tests.test_archive_format" name="test_legacy_upgrade_is_idempotent" time="0.017" /><testcase classname="tests.test_archive_format" name="test_verification_retirement_gate_requires_supported_archive_format" time="0.019" /><testcase classname="tests.test_archive_format" name="test_verification_can_explicitly_ignore_archive_format_for_legacy_analysis" time="0.008" /><testcase classname="tests.test_archive_format" name="test_manifest_symlink_is_invalid_and_never_followed" time="0.005" /><testcase classname="tests.test_archive_format" name="test_legacy_upgrade_refuses_symlinked_files" time="0.007" /><testcase classname="tests.test_backup_recovery" name="test_source_vault_crash_after_byte_commit_resumes_without_duplicate_bytes" time="0.046" /><testcase classname="tests.test_backup_recovery" name="test_mirror_sync_crash_resumes_no_overwrite" time="0.180" /><testcase classname="tests.test_backup_recovery" name="test_mirror_conflict_preflight_prevents_partial_mutation" time="0.010" /><testcase classname="tests.test_backup_recovery" name="test_mirror_manifest_path_traversal_fails_closed" time="0.003" /><testcase classname="tests.test_backup_recovery" name="test_backup_fault_recovery_stress_tool_smoke" time="0.506" /><testcase classname="tests.test_backup_recovery" name="test_tree_manifest_rejects_symlinked_source_file" time="0.005" /><testcase classname="tests.test_backup_recovery" name="test_mirror_verification_rejects_matching_symlink_destination" time="0.015" /><testcase classname="tests.test_backup_recovery" name="test_mirror_sync_rejects_symlink_destination_before_copying_missing_files" time="0.008" /><testcase classname="tests.test_backup_recovery" name="test_source_vault_audit_detects_orphan_after_later_byte_commit_crash" time="0.081" /><testcase classname="tests.test_backup_recovery" name="test_source_vault_audit_rejects_conflicting_duplicate_record_binding" time="0.041" /><testcase classname="tests.test_backup_recovery" name="test_source_vault_audit_rejects_symlinked_archive_object" time="0.030" /><testcase classname="tests.test_core" name="test_safe_member_rejects_bad_paths[../x.jpg]" time="0.001" /><testcase classname="tests.test_core" name="test_safe_member_rejects_bad_paths[../../x]" time="0.001" /><testcase classname="tests.test_core" name="test_safe_member_rejects_bad_paths[/abs.jpg]" time="0.001" /><testcase classname="tests.test_core" name="test_safe_member_rejects_bad_paths[C:/evil.jpg]" time="0.001" /><testcase classname="tests.test_core" name="test_safe_member_rejects_bad_paths[..\\x.jpg]" time="0.001" /><testcase classname="tests.test_core" name="test_safe_member_accepts_normalized_paths[Takeout/Google Photos/2017/a.jpg]" time="0.001" /><testcase classname="tests.test_core" name="test_safe_member_accepts_normalized_paths[a.jpg]" time="0.001" /><testcase classname="tests.test_core" name="test_safe_member_accepts_normalized_paths[\u65e5\u672c\u8a9e/\u5199\u771f.jpg]" time="0.001" /><testcase classname="tests.test_core" name="test_safe_member_accepts_normalized_paths[x/../y.jpg]" time="0.001" /><testcase classname="tests.test_core" name="test_scan_and_cross_zip_sidecar" time="0.027" /><testcase classname="tests.test_core" name="test_different_folder_sidecar_not_matched" time="0.015" /><testcase classname="tests.test_core" name="test_sidecar_naming_families[IMG_1.jpg.json]" time="0.014" /><testcase classname="tests.test_core" name="test_sidecar_naming_families[IMG_1.jpg.supplemental-metadata.json]" time="0.014" /><testcase classname="tests.test_core" name="test_duplicate_marker_moved_to_sidecar_suffix" time="0.015" /><testcase classname="tests.test_core" name="test_album_metadata_rejected" time="0.014" /><testcase classname="tests.test_core" name="test_ambiguous_equal_sidecars_refused" time="0.019" /><testcase classname="tests.test_core" name="test_legacy_and_modern_geo_schema" time="0.001" /><testcase classname="tests.test_core" name="test_zero_zero_geo_is_unknown" time="0.001" /><testcase classname="tests.test_core" name="test_people_favorite_description_parse" time="0.001" /><testcase classname="tests.test_core" name="test_creation_time_not_used_as_taken_time" time="0.001" /><testcase classname="tests.test_core" name="test_month_invariance[1494849600.0-True]" time="0.001" /><testcase classname="tests.test_core" name="test_month_invariance[1493600400.0-False]" time="0.001" /><testcase classname="tests.test_core" name="test_month_invariance[1514761200.0-False]" time="0.001" /><testcase classname="tests.test_core" name="test_resolve_with_timezone" time="0.021" /><testcase classname="tests.test_core" name="test_resolve_unknown_timezone_safe_month" time="0.001" /><testcase classname="tests.test_core" name="test_resolve_unknown_timezone_boundary_goes_range" time="0.001" /><testcase classname="tests.test_core" name="test_derive_offset_from_camera[local0-offset0]" time="0.001" /><testcase classname="tests.test_core" name="test_derive_offset_from_camera[local1-offset1]" time="0.001" /><testcase classname="tests.test_core" name="test_derive_offset_from_camera[local2-offset2]" time="0.001" /><testcase classname="tests.test_core" name="test_derive_offset_rejects_non_quarter_hour_clock_error" time="0.001" /><testcase classname="tests.test_core" name="test_user_month_is_partial_not_fake_day" time="0.001" /><testcase classname="tests.test_core" name="test_user_year_needs_placement" time="0.001" /><testcase classname="tests.test_core" name="test_range_needs_placement" time="0.001" /><testcase classname="tests.test_core" name="test_unknown_needs_placement" time="0.001" /><testcase classname="tests.test_core" name="test_decision_journal_append_only" time="0.013" /><testcase classname="tests.test_core" name="test_portable_filenames[normal.jpg-normal.jpg]" time="0.001" /><testcase classname="tests.test_core" name="test_portable_filenames[a:b?.jpg-a_b_.jpg]" time="0.001" /><testcase classname="tests.test_core" name="test_portable_filenames[CON.jpg-_CON.jpg]" time="0.001" /><testcase classname="tests.test_core" name="test_portable_filenames[LPT1-_LPT1]" time="0.001" /><testcase classname="tests.test_core" name="test_portable_filenames[trail.-trail]" time="0.001" /><testcase classname="tests.test_core" name="test_portable_filenames[\u65e5\u672c\u8a9e\U0001f4f7.jpg-\u65e5\u672c\u8a9e\U0001f4f7.jpg]" time="0.004" /><testcase classname="tests.test_core" name="test_long_name_deterministic_and_bounded" time="0.001" /><testcase classname="tests.test_core" name="test_different_long_names_different_output" time="0.001" /><testcase classname="tests.test_core" name="test_zip_sha256_and_source_unchanged" time="0.016" /><testcase classname="tests.test_core" name="test_duplicate_archive_member_path_rejected" time="0.013" /><testcase classname="tests.test_core" name="test_invalid_zip_rejected" time="0.006" /><testcase classname="tests.test_core" name="test_suspicious_compression_ratio_rejected" time="0.014" /><testcase classname="tests.test_core" name="test_catalog_month_tags_and_near" time="0.050" /><testcase classname="tests.test_core" name="test_jpeg_metadata_change_preserves_payload_fingerprint" time="0.001" /><testcase classname="tests.test_core" name="test_jpeg_scan_change_detected" time="0.001" /><testcase classname="tests.test_core" name="test_bad_jpeg_rejected" time="0.001" /><testcase classname="tests.test_core" name="test_png_xmp_change_preserves_visual_fingerprint" time="0.001" /><testcase classname="tests.test_core" name="test_png_pixel_change_detected" time="0.001" /><testcase classname="tests.test_core" name="test_mp4_metadata_change_preserves_mdat" time="0.001" /><testcase classname="tests.test_core" name="test_mp4_media_change_detected" time="0.001" /><testcase classname="tests.test_core" name="test_mp4_without_mdat_rejected" time="0.001" /><testcase classname="tests.test_core" name="test_stage_copy_hash_and_commit" time="0.018" /><testcase classname="tests.test_core" name="test_stage_copy_bad_expected_hash_cleans_up" time="0.009" /><testcase classname="tests.test_core" name="test_commit_never_overwrites" time="0.005" /><testcase classname="tests.test_core" name="test_write_json_new_never_overwrites" time="0.015" /><testcase classname="tests.test_core" name="test_revision_store_immutable_history" time="0.037" /><testcase classname="tests.test_core" name="test_revision_store_idempotent_same_record" time="0.016" /><testcase classname="tests.test_core" name="test_ffprobe_real_tiny_video_if_ffmpeg_available" time="0.143" /><testcase classname="tests.test_core" name="test_probe_supported_codecs" time="0.001" /><testcase classname="tests.test_core" name="test_timezone_resolver_historical_zoneinfo" time="0.002" /><testcase classname="tests.test_core" name="test_motion_flag_without_video_is_not_motion" time="0.001" /><testcase classname="tests.test_core" name="test_jpeg_motion_located_by_declared_video_length" time="0.001" /><testcase classname="tests.test_core" name="test_jpeg_motion_wrong_length_rejected" time="0.001" /><testcase classname="tests.test_core" name="test_heif_mpvd_must_be_last_box_and_contain_video" time="0.001" /><testcase classname="tests.test_core" name="test_heif_mpvd_not_last_rejected" time="0.001" /><testcase classname="tests.test_core" name="test_live_photo_pair_requires_identifier_not_basename" time="0.001" /><testcase classname="tests.test_core" name="test_write_policy_partial_month_not_exif" time="0.001" /><testcase classname="tests.test_core" name="test_write_policy_exact_datetime_and_offset" time="0.001" /><testcase classname="tests.test_core" name="test_write_policy_range_does_not_invent_exact_date" time="0.001" /><testcase classname="tests.test_core" name="test_text_location_never_invents_gps" time="0.001" /><testcase classname="tests.test_core" name="test_exact_gps_written_when_known" time="0.001" /><testcase classname="tests.test_core" name="test_google_favorite_not_mapped_to_rating" time="0.001" /><testcase classname="tests.test_core" name="test_raw_google_json_retained_in_archival_plan" time="0.001" /><testcase classname="tests.test_core" name="test_batch_json_across_archives" time="0.025" /><testcase classname="tests.test_core" name="test_indexed_sidecar_cross_zip" time="0.024" /><testcase classname="tests.test_core" name="test_end_to_end_exact_duplicate_collapses_and_retains_occurrences" time="0.028" /><testcase classname="tests.test_core" name="test_same_filename_different_bytes_remains_two_assets" time="0.016" /><testcase classname="tests.test_core" name="test_duplicate_conflicting_months_goes_review" time="0.027" /><testcase classname="tests.test_core" name="test_no_json_never_uses_export_year" time="0.016" /><testcase classname="tests.test_core" name="test_exiftool_pinned_version_accepts_approved" time="0.077" /><testcase classname="tests.test_core" name="test_exiftool_pinned_version_rejects_drift" time="0.075" /><testcase classname="tests.test_core" name="test_exiftool_read_json_shape" time="0.171" /><testcase classname="tests.test_core" name="test_exiftool_write_args_capture_date_semantics" time="0.091" /><testcase classname="tests.test_core" name="test_fat32_large_file_blocked" time="0.005" /><testcase classname="tests.test_core" name="test_storage_requires_final_plus_largest_staging" time="0.004" /><testcase classname="tests.test_core" name="test_windows_path_risk_component_and_total" time="0.002" /><testcase classname="tests.test_core" name="test_ledger_resume_states" time="0.017" /><testcase classname="tests.test_core" name="test_ledger_committed_not_resumable" time="0.021" /><testcase classname="tests.test_core" name="test_real_ffmpeg_metadata_remux_preserves_mdat" time="0.196" /><testcase classname="tests.test_core" name="test_observed_51_char_google_sidecar_rule_examples" time="0.001" /><testcase classname="tests.test_core" name="test_observed_duplicate_marker_swap_rule" time="0.001" /><testcase classname="tests.test_core" name="test_no_loose_prefix_false_match" time="0.014" /><testcase classname="tests.test_core" name="test_embedded_exiftool_normalizes_camera_datetime_offset_gps_device_and_live_id" time="0.001" /><testcase classname="tests.test_core" name="test_embedded_zero_zero_gps_is_unknown_not_real_location" time="0.001" /><testcase classname="tests.test_core" name="test_embedded_camera_without_timezone_only_proves_month_not_fake_instant" time="0.001" /><testcase classname="tests.test_core" name="test_google_and_camera_can_prove_missing_offset_and_exact_local_instant" time="0.001" /><testcase classname="tests.test_core" name="test_google_camera_cross_month_conflict_never_silently_chooses_one" time="0.001" /><testcase classname="tests.test_core" name="test_embedded_movie_content_identifier_uses_quicktime_keys_not_still_makernote" time="0.001" /><testcase classname="tests.test_core" name="test_pillow_embedded_reader_gets_datetime_without_pixel_decode_requirement" time="0.002" /><testcase classname="tests.test_core" name="test_planner_uses_embedded_camera_month_when_google_json_missing" time="0.016" /><testcase classname="tests.test_core" name="test_planner_google_plus_embedded_can_prove_exact_timezone" time="0.018" /><testcase classname="tests.test_core" name="test_planner_google_camera_month_conflict_goes_review" time="0.016" /><testcase classname="tests.test_core" name="test_location_policy_can_use_embedded_camera_gps_without_google_location" time="0.001" /><testcase classname="tests.test_core" name="test_location_strict_conflict_google_vs_embedded_writes_no_choice" time="0.001" /><testcase classname="tests.test_core" name="test_geonames_import_and_nearest_place_is_derived_not_coordinate_replacement" time="0.042" /><testcase classname="tests.test_core" name="test_geonames_nearest_none_outside_requested_radius" time="0.039" /><testcase classname="tests.test_core" name="test_geonames_distance_beats_population_for_place_label" time="0.042" /><testcase classname="tests.test_core" name="test_geonames_import_can_filter_feature_class" time="0.040" /><testcase classname="tests.test_core" name="test_invalid_reverse_geocode_coordinate_returns_none" time="0.030" /><testcase classname="tests.test_core" name="test_since1970_boundary_is_proven_for_2017_but_not_1960" time="0.001" /><testcase classname="tests.test_core" name="test_current_timezone_boundary_never_auto_upgrades_historical_fact" time="0.001" /><testcase classname="tests.test_core" name="test_tzdata_version_is_recordable_or_explicitly_unavailable" time="0.026" /><testcase classname="tests.test_core" name="test_proven_timezone_evidence_records_boundary_and_tzdata_provenance" time="0.001" /><testcase classname="tests.test_core" name="test_migration_verification_separates_archive_integrity_from_takeout_completeness" time="0.016" /><testcase classname="tests.test_core" name="test_google_retirement_gate_requires_confirmed_parts_redundant_copy_and_source_vault" time="0.066" /><testcase classname="tests.test_core" name="test_partial_run_blocks_retirement_even_if_copy_confirmed" time="0.016" /><testcase classname="tests.test_core" name="test_tree_manifest_and_verified_mirror_detect_damage_and_missing" time="0.016" /><testcase classname="tests.test_core" name="test_tree_manifest_is_content_addressed_not_mtime_based" time="0.008" /><testcase classname="tests.test_core" name="test_end_to_end_no_json_real_jpeg_uses_embedded_month_and_preserves_bytes" time="0.137" /><testcase classname="tests.test_core" name="test_default_planner_embedded_fallback_does_not_use_filesystem_timestamp" time="0.017" /><testcase classname="tests.test_core" name="test_ffprobe_normalizer_reads_live_content_id_and_iso6709_but_not_creation_time" time="0.001" /><testcase classname="tests.test_core" name="test_ffprobe_zero_zero_iso6709_not_promoted_to_real_gps" time="0.001" /><testcase classname="tests.test_core" name="test_planner_auto_live_photo_pair_uses_content_id_for_placement_only" time="0.017" /><testcase classname="tests.test_core" name="test_planner_does_not_pair_same_basename_without_content_identifier" time="0.015" /><testcase classname="tests.test_core" name="test_real_ffprobe_quicktime_content_identifier_and_location_roundtrip" time="0.197" /><testcase classname="tests.test_core" name="test_jpeg_xmp_packet_extractor_stops_before_entropy_data" time="0.001" /><testcase classname="tests.test_core" name="test_jpeg_xmp_malformed_segment_length_fails_closed" time="0.001" /><testcase classname="tests.test_core" name="test_real_motion_photo_jpeg_with_ffmpeg_video_detects_structurally" time="0.134" /><testcase classname="tests.test_core" name="test_motion_flag_with_stale_length_but_no_real_appended_video_is_rejected" time="0.001" /><testcase classname="tests.test_core" name="test_edited_variant_hint_is_probable_and_does_not_inherit_date" time="0.015" /><testcase classname="tests.test_core" name="test_localized_edited_suffix_is_detected_as_hint_only" time="0.015" /><testcase classname="tests.test_core" name="test_raw_jpeg_same_stem_is_probable_family_not_dedup" time="0.015" /><testcase classname="tests.test_core" name="test_same_stem_in_different_directories_does_not_create_raw_family_hint" time="0.014" /><testcase classname="tests.test_datapacks" name="test_data_pack_manifest_hashes_files_and_detects_tamper" time="0.022" /><testcase classname="tests.test_datapacks" name="test_data_pack_manifest_requires_license_and_attribution" time="0.004" /><testcase classname="tests.test_datapacks" name="test_data_pack_rejects_path_escape_in_manifest" time="0.007" /><testcase classname="tests.test_datapacks" name="test_geonames_gazetteer_builds_only_from_verified_pack_and_carries_manifest_identity" time="0.103" /><testcase classname="tests.test_datapacks" name="test_timezone_boundary_dataset_from_verified_pack_enforces_temporal_scope" time="0.018" /><testcase classname="tests.test_datapacks" name="test_boundary_dataset_identity_includes_exact_pack_hash_when_known" time="0.020" /><testcase classname="tests.test_exiftool_distribution" name="test_real_candidate_manifests_are_exactly_pinned" time="0.001" /><testcase classname="tests.test_exiftool_distribution" name="test_exact_archive_verifies_and_wrong_bytes_fail" time="0.024" /><testcase classname="tests.test_exiftool_distribution" name="test_safe_prepare_renames_executable_without_changing_bytes" time="0.030" /><testcase classname="tests.test_exiftool_distribution" name="test_admission_report_binds_archive_and_prepared_executable" time="0.044" /><testcase classname="tests.test_exiftool_distribution" name="test_zip_path_traversal_and_windows_separator_are_refused[../escape.exe]" time="0.014" /><testcase classname="tests.test_exiftool_distribution" name="test_zip_path_traversal_and_windows_separator_are_refused[/absolute.exe]" time="0.015" /><testcase classname="tests.test_exiftool_distribution" name="test_zip_path_traversal_and_windows_separator_are_refused[exiftool-test/../escape.exe]" time="0.014" /><testcase classname="tests.test_exiftool_distribution" name="test_zip_path_traversal_and_windows_separator_are_refused[exiftool-test\\evil.exe]" time="0.014" /><testcase classname="tests.test_exiftool_distribution" name="test_zip_symlink_is_refused" time="0.016" /><testcase classname="tests.test_exiftool_distribution" name="test_zip_case_collision_is_refused_before_extraction" time="0.013" /><testcase classname="tests.test_exiftool_distribution" name="test_existing_exact_download_cache_is_reused_without_network" time="0.007" /><testcase classname="tests.test_exiftool_distribution" name="test_download_stream_is_hash_verified_before_commit" time="0.012" /><testcase classname="tests.test_exiftool_distribution" name="test_bad_download_never_commits_candidate" time="0.018" /><testcase classname="tests.test_exiftool_distribution" name="test_windows_unsafe_member_names_are_refused[exiftool-test/NUL.txt]" time="0.017" /><testcase classname="tests.test_exiftool_distribution" name="test_windows_unsafe_member_names_are_refused[exiftool-test/COM1]" time="0.014" /><testcase classname="tests.test_exiftool_distribution" name="test_windows_unsafe_member_names_are_refused[exiftool-test/evil:stream.txt]" time="0.007" /><testcase classname="tests.test_exiftool_distribution" name="test_windows_unsafe_member_names_are_refused[exiftool-test/trailing. ]" time="0.016" /><testcase classname="tests.test_exiftool_distribution" name="test_windows_unsafe_member_names_are_refused[exiftool-test/question?.txt]" time="0.014" /><testcase classname="tests.test_exiftool_distribution" name="test_zip_special_file_is_refused" time="0.007" /><testcase classname="tests.test_exiftool_distribution" name="test_incomplete_distribution_is_removed_on_prepare_failure" time="0.025" /><testcase classname="tests.test_exiftool_distribution" name="test_cli_admit_exact_local_archive_writes_report_and_prepares" time="0.058" /><testcase classname="tests.test_exiftool_evidence" name="test_matching_in_memory_identity_is_not_review_ready_without_bound_reports_and_live_artifacts" time="0.001" /><testcase classname="tests.test_exiftool_evidence" name="test_executable_identity_mismatch_blocks_bundle" time="0.001" /><testcase classname="tests.test_exiftool_evidence" name="test_distribution_tree_identity_mismatch_blocks_bundle" time="0.001" /><testcase classname="tests.test_exiftool_evidence" name="test_wrong_version_or_failed_qualification_blocks_bundle" time="0.001" /><testcase classname="tests.test_exiftool_evidence" name="test_report_file_bundle_reverifies_live_archive_executable_and_tree" time="0.065" /><testcase classname="tests.test_exiftool_evidence" name="test_live_distribution_tamper_is_detected" time="0.062" /><testcase classname="tests.test_exiftool_evidence" name="test_unknown_candidate_fails_closed" time="0.001" /><testcase classname="tests.test_exiftool_evidence" name="test_cli_bundle_writes_live_bound_review_ready_evidence" time="0.075" /><testcase classname="tests.test_exiftool_qualification" name="test_good_candidate_passes_jpeg_roundtrip_and_payload_guard" time="0.354" /><testcase classname="tests.test_exiftool_qualification" name="test_fake_that_only_prints_success_cannot_pass" time="0.326" /><testcase classname="tests.test_exiftool_qualification" name="test_candidate_that_recompresses_pixels_cannot_pass" time="0.492" /><testcase classname="tests.test_exiftool_qualification" name="test_wrong_readback_cannot_pass" time="0.339" /><testcase classname="tests.test_exiftool_qualification" name="test_candidate_fingerprint_rejects_symlink" time="0.006" /><testcase classname="tests.test_exiftool_qualification" name="test_distribution_fingerprint_is_recorded_and_symlinks_refused" time="0.341" /><testcase classname="tests.test_exiftool_qualification" name="test_qualification_report_is_write_once_json" time="0.346" /><testcase classname="tests.test_exiftool_qualification" name="test_production_allowlist_remains_empty_and_fails_closed" time="0.084" /><testcase classname="tests.test_exiftool_qualification" name="test_cli_qualification_writes_machine_readable_report" time="0.348" /><testcase classname="tests.test_exiftool_qualification" name="test_hung_exiftool_candidate_fails_closed_with_bounded_timeout" time="0.136" /><testcase classname="tests.test_format_evidence" name="test_in_memory_bundle_is_not_ready_without_bound_reports_and_live_artifacts" time="0.054" /><testcase classname="tests.test_format_evidence" name="test_live_file_bundle_reverifies_all_artifacts_and_is_review_ready" time="0.063" /><testcase classname="tests.test_format_evidence" name="test_wrong_harness_or_failed_format_qualification_blocks_review" time="0.045" /><testcase classname="tests.test_format_evidence" name="test_candidate_or_distribution_identity_mismatch_blocks_review" time="0.033" /><testcase classname="tests.test_format_evidence" name="test_validator_and_payload_contract_must_be_explicitly_present" time="0.033" /><testcase classname="tests.test_format_evidence" name="test_live_distribution_tamper_is_detected" time="0.047" /><testcase classname="tests.test_format_evidence" name="test_tampered_base_bundle_id_blocks_review" time="0.033" /><testcase classname="tests.test_format_evidence" name="test_tampered_format_qualification_id_blocks_review" time="0.033" /><testcase classname="tests.test_format_evidence" name="test_cli_writes_review_ready_but_never_production_approved_bundle" time="0.063" /><testcase classname="tests.test_format_evidence" name="test_heic_format_evidence_binds_exact_external_fixture_identity" time="0.033" /><testcase classname="tests.test_format_evidence" name="test_heic_format_evidence_rejects_missing_or_tampered_fixture_admission" time="0.034" /><testcase classname="tests.test_format_evidence" name="test_jpeg_format_evidence_can_be_review_ready_under_same_exact_build_chain" time="0.033" /><testcase classname="tests.test_format_qualification" name="test_matrix_is_explicit_and_fail_closed" time="0.001" /><testcase classname="tests.test_format_qualification" name="test_only_jpeg_currently_has_complete_roundtrip_contract" time="0.001" /><testcase classname="tests.test_format_qualification" name="test_exact_jpeg_approval_can_authorize_only_standalone_jpeg" time="0.001" /><testcase classname="tests.test_format_qualification" name="test_jpeg_approval_does_not_authorize_png_or_video" time="0.001" /><testcase classname="tests.test_format_qualification" name="test_video_suffix_approvals_do_not_spill_across_mov_mp4_m4v" time="0.001" /><testcase classname="tests.test_format_qualification" name="test_unfinished_format_cannot_be_enabled_even_with_forged_approval_entry" time="0.001" /><testcase classname="tests.test_format_qualification" name="test_motion_photo_overrides_plain_jpeg_approval" time="0.001" /><testcase classname="tests.test_format_qualification" name="test_live_photo_overrides_plain_mov_scope" time="0.001" /><testcase classname="tests.test_format_qualification" name="test_unknown_relationship_fails_closed" time="0.001" /><testcase classname="tests.test_format_qualification" name="test_missing_distribution_identity_fails_closed" time="0.001" /><testcase classname="tests.test_format_qualification" name="test_candidate_identity_must_match_exactly" time="0.001" /><testcase classname="tests.test_format_qualification" name="test_unknown_extension_is_not_mapped_by_writability_guess" time="0.001" /><testcase classname="tests.test_format_qualification" name="test_approval_requires_real_sha256_shape" time="0.001" /><testcase classname="tests.test_format_qualification" name="test_production_format_approval_requires_reviewed_format_evidence_bundle_id" time="0.001" /><testcase classname="tests.test_format_qualification" name="test_production_adapter_requires_format_approval_in_addition_to_build" time="0.105" /><testcase classname="tests.test_format_qualification" name="test_production_adapter_requires_distribution_identity" time="0.045" /><testcase classname="tests.test_format_qualification" name="test_composite_approval_requires_relationship_evidence_bundle" time="0.001" /><testcase classname="tests.test_format_qualification" name="test_production_write_api_requires_relationship_classification" time="0.007" /><testcase classname="tests.test_format_qualification" name="test_format_write_matrix_cli_is_machine_readable" time="0.011" /><testcase classname="tests.test_format_roundtrip_qualification" name="test_good_jpeg_candidate_passes_format_payload_decode_and_readback" time="0.329" /><testcase classname="tests.test_format_roundtrip_qualification" name="test_jpeg_payload_change_fails_format_qualification" time="0.486" /><testcase classname="tests.test_format_roundtrip_qualification" name="test_good_png_candidate_passes_payload_decode_and_readback" time="0.317" /><testcase classname="tests.test_format_roundtrip_qualification" name="test_png_pixel_payload_change_fails_even_when_output_decodes" time="0.451" /><testcase classname="tests.test_format_roundtrip_qualification" name="test_png_noop_and_wrong_readback_fail" time="0.628" /><testcase classname="tests.test_format_roundtrip_qualification" name="test_good_quicktime_candidate_passes_mdat_decode_and_readback" time="0.672" /><testcase classname="tests.test_format_roundtrip_qualification" name="test_quicktime_suffix_profiles_are_qualified_separately[mov-single-v1-.mov]" time="0.650" /><testcase classname="tests.test_format_roundtrip_qualification" name="test_quicktime_suffix_profiles_are_qualified_separately[m4v-single-v1-.m4v]" time="0.633" /><testcase classname="tests.test_format_roundtrip_qualification" name="test_quicktime_mdat_change_is_detected" time="0.652" /><testcase classname="tests.test_format_roundtrip_qualification" name="test_format_qualification_binds_distribution_identity" time="0.344" /><testcase classname="tests.test_format_roundtrip_qualification" name="test_format_qualification_report_is_write_once_json" time="0.355" /><testcase classname="tests.test_format_roundtrip_qualification" name="test_unsupported_profile_and_nonpositive_timeout_fail_closed" time="0.005" /><testcase classname="tests.test_format_roundtrip_qualification" name="test_hung_candidate_is_bounded" time="0.125" /><testcase classname="tests.test_format_roundtrip_qualification" name="test_cli_format_qualification_writes_machine_readable_report" time="0.351" /><testcase classname="tests.test_format_roundtrip_qualification" name="test_cli_jpeg_format_qualification_closes_standalone_jpeg_evidence_lane" time="0.351" /><testcase classname="tests.test_hardening" name="test_portable_filename_uses_utf16_units_for_emoji" time="0.001" /><testcase classname="tests.test_hardening" name="test_windows_superscript_device_names_are_sanitized" time="0.001" /><testcase classname="tests.test_hardening" name="test_windows_collision_key_normalizes_case_and_unicode" time="0.008" /><testcase classname="tests.test_hardening" name="test_planner_resolves_same_month_same_name_different_bytes" time="0.025" /><testcase classname="tests.test_hardening" name="test_collision_resolution_is_input_order_independent" time="0.032" /><testcase classname="tests.test_hardening" name="test_projection_update_moves_media_and_replaces_xmp_only_after_all_new_files_exist" time="0.032" /><testcase classname="tests.test_hardening" name="test_projection_update_crash_after_media_commit_leaves_old_projection_and_reruns_safely" time="0.020" /><testcase classname="tests.test_hardening" name="test_projection_update_foreign_destination_blocks_before_cleanup" time="0.008" /><testcase classname="tests.test_hardening" name="test_projection_update_source_hash_mismatch_refuses" time="0.006" /><testcase classname="tests.test_hardening" name="test_incremental_metadata_revision_history_survives_projection_relocation" time="0.038" /><testcase classname="tests.test_hardening" name="test_xmp_partial_month_is_honest_and_description_unicode_roundtrips" time="0.001" /><testcase classname="tests.test_hardening" name="test_xmp_unknown_without_description_is_not_created" time="0.001" /><testcase classname="tests.test_hardening" name="test_materializer_streams_media_unchanged_and_writes_xmp_and_revision" time="0.092" /><testcase classname="tests.test_hardening" name="test_materializer_is_idempotent_for_same_asset" time="0.079" /><testcase classname="tests.test_hardening" name="test_materializer_falls_back_to_second_exact_duplicate_source" time="0.077" /><testcase classname="tests.test_hardening" name="test_materializer_never_overwrites_foreign_media" time="0.030" /><testcase classname="tests.test_hardening" name="test_normalized_zip_member_remains_readable" time="0.013" /><testcase classname="tests.test_hardening" name="test_album_metadata_filename_can_be_localized" time="0.022" /><testcase classname="tests.test_hardening" name="test_album_metadata_and_media_can_be_in_different_zip_parts" time="0.027" /><testcase classname="tests.test_hardening" name="test_exact_duplicate_retains_all_album_memberships" time="0.027" /><testcase classname="tests.test_hardening" name="test_untitled_album_is_preserved_without_invented_title" time="0.017" /><testcase classname="tests.test_hardening" name="test_conflicting_album_titles_same_logical_folder_are_not_chosen" time="0.026" /><testcase classname="tests.test_hardening" name="test_album_location_stays_context_not_photo_gps" time="0.074" /><testcase classname="tests.test_hardening" name="test_tolerant_plan_keeps_good_zip_when_another_zip_is_invalid" time="0.020" /><testcase classname="tests.test_hardening" name="test_malformed_json_does_not_abort_healthy_media_but_is_unclassified" time="0.016" /><testcase classname="tests.test_hardening" name="test_unknown_takeout_member_is_preserved_and_run_needs_review" time="0.175" /><testcase classname="tests.test_hardening" name="test_run_manifest_fingerprints_source_zip" time="0.071" /><testcase classname="tests.test_hardening" name="test_run_refuses_archive_changed_after_planning" time="0.009" /><testcase classname="tests.test_hardening" name="test_run_with_invalid_zip_is_partial_but_good_asset_commits" time="0.067" /><testcase classname="tests.test_hardening" name="test_location_default_preserves_both_and_uses_google_current" time="0.001" /><testcase classname="tests.test_hardening" name="test_location_strict_policy_refuses_conflicting_current_and_original" time="0.001" /><testcase classname="tests.test_hardening" name="test_location_strict_accepts_single_available_source" time="0.001" /><testcase classname="tests.test_hardening" name="test_duplicate_location_conflict_never_silently_picks_first" time="0.001" /><testcase classname="tests.test_hardening" name="test_current_timezone_boundary_is_only_suggestion_not_archival_exact" time="0.001" /><testcase classname="tests.test_hardening" name="test_historically_proven_timezone_can_resolve_exact_local_time" time="0.001" /><testcase classname="tests.test_hardening" name="test_user_april_or_may_range_never_becomes_final_month" time="0.001" /><testcase classname="tests.test_hardening" name="test_materializer_xmp_uses_effective_gps_policy_but_record_keeps_both" time="0.100" /><testcase classname="tests.test_hardening" name="test_motion_xmp_parser_understands_ultra_hdr_item_order" time="0.001" /><testcase classname="tests.test_hardening" name="test_motion_xmp_flag_without_container_is_not_structurally_declared" time="0.001" /><testcase classname="tests.test_hardening" name="test_motion_xmp_flag_zero_refuses_real_appended_video" time="0.001" /><testcase classname="tests.test_hardening" name="test_motion_xmp_declared_length_locates_video_after_gainmap_bytes" time="0.001" /><testcase classname="tests.test_hardening" name="test_motion_xmp_wrong_length_fails_structural_video_check" time="0.001" /><testcase classname="tests.test_hardening" name="test_legacy_microvideo_offset_requires_explicit_compatibility_and_real_video" time="0.001" /><testcase classname="tests.test_hardening" name="test_heif_motion_descriptor_requires_padding_8_and_matching_mpvd_length" time="0.001" /><testcase classname="tests.test_hardening" name="test_exiftool_live_photo_content_ids_use_grouped_tags" time="0.001" /><testcase classname="tests.test_hardening" name="test_live_photo_pairing_uses_identifier_not_filename" time="0.001" /><testcase classname="tests.test_hardening" name="test_same_basename_without_identifier_produces_no_live_relation" time="0.001" /><testcase classname="tests.test_hardening" name="test_duplicate_content_identifier_is_conflict_not_arbitrary_pair" time="0.001" /><testcase classname="tests.test_hardening" name="test_live_movie_inherits_folder_month_but_not_capture_metadata" time="0.001" /><testcase classname="tests.test_hardening" name="test_live_components_disagreeing_on_month_go_to_review_together" time="0.001" /><testcase classname="tests.test_hardening" name="test_windows_path_risk_counts_emoji_as_two_utf16_units" time="0.001" /><testcase classname="tests.test_hardening" name="test_storage_preflight_includes_metadata_overhead" time="0.004" /><testcase classname="tests.test_hardening" name="test_zip_symlink_member_is_rejected" time="0.006" /><testcase classname="tests.test_hardening" name="test_tolerant_scan_reports_symlink_but_keeps_good_member" time="0.016" /><testcase classname="tests.test_hardening" name="test_normalized_duplicate_member_paths_are_rejected" time="0.015" /><testcase classname="tests.test_hardening" name="test_crc_corruption_fails_cleanly_and_leaves_no_stage" time="0.025" /><testcase classname="tests.test_hardening" name="test_catalog_interval_search_handles_month_without_fake_day" time="0.031" /><testcase classname="tests.test_hardening" name="test_catalog_text_search_includes_tags_description_and_place" time="0.041" /><testcase classname="tests.test_hardening" name="test_rebuild_catalog_uses_open_revision_records_not_sqlite_as_authority" time="0.208" /><testcase classname="tests.test_hardening" name="test_incremental_same_bytes_corrected_month_relocates_and_keeps_old_revision" time="0.192" /><testcase classname="tests.test_hardening" name="test_incremental_same_path_metadata_update_replaces_current_xmp_but_archives_old_bytes" time="0.133" /><testcase classname="tests.test_hardening" name="test_incremental_crash_after_relocation_before_current_pointer_is_rerunnable" time="0.164" /><testcase classname="tests.test_hardening" name="test_incremental_foreign_destination_refuses_without_destroying_current_projection" time="0.118" /><testcase classname="tests.test_hardening" name="test_incremental_identical_state_is_history_noop" time="0.105" /><testcase classname="tests.test_hardening" name="test_run_executor_automatically_applies_incremental_metadata_relocation" time="0.163" /><testcase classname="tests.test_hardening" name="test_run_executor_reimport_identical_state_is_unchanged" time="0.124" /><testcase classname="tests.test_hardening" name="test_portable_xmp_carries_exact_gps_in_exif_xmp_coordinate_format" time="0.001" /><testcase classname="tests.test_hardening" name="test_portable_xmp_gps_preserves_southern_western_hemispheres" time="0.001" /><testcase classname="tests.test_hardening" name="test_text_location_without_exact_gps_still_does_not_create_xmp_coordinates" time="0.001" /><testcase classname="tests.test_hardening" name="test_archive_audit_verifies_media_xmp_revisions_and_blobs" time="0.237" /><testcase classname="tests.test_hardening" name="test_archive_audit_detects_current_media_corruption" time="0.115" /><testcase classname="tests.test_hardening" name="test_archive_audit_detects_current_xmp_corruption" time="0.156" /><testcase classname="tests.test_hardening" name="test_archive_audit_detects_tampered_immutable_revision" time="0.114" /><testcase classname="tests.test_hardening" name="test_archive_audit_verifies_preserved_unknown_material" time="0.121" /><testcase classname="tests.test_hardening" name="test_planner_uses_batch_embedded_provider_when_available" time="0.019" /><testcase classname="tests.test_hardening" name="test_geonames_human_admin_and_country_labels_are_optional_enrichment" time="0.069" /><testcase classname="tests.test_hardening" name="test_planner_place_enrichment_requires_exact_gps_and_preserves_provenance" time="0.015" /><testcase classname="tests.test_hardening" name="test_place_enrichment_survives_open_record_and_rebuilds_searchable_catalog" time="0.179" /><testcase classname="tests.test_hardening" name="test_planner_proven_historical_timezone_upgrades_boundary_timestamp_to_exact_local_month" time="0.016" /><testcase classname="tests.test_hardening" name="test_planner_probable_timezone_is_suggestion_only_and_does_not_choose_boundary_month" time="0.008" /><testcase classname="tests.test_hardening" name="test_timezone_enrichment_provenance_survives_materialization" time="0.096" /><testcase classname="tests.test_hardening" name="test_review_context_can_suggest_april_to_may_without_mutating_unknown_asset" time="0.004" /><testcase classname="tests.test_hardening" name="test_review_context_does_not_use_different_filename_family_or_camera" time="0.001" /><testcase classname="tests.test_hardening" name="test_review_context_rejects_inverted_or_excessively_wide_neighbor_dates" time="0.001" /><testcase classname="tests.test_hardening" name="test_user_month_decision_moves_unknown_asset_without_inventing_day_or_time" time="0.094" /><testcase classname="tests.test_hardening" name="test_user_april_may_range_remains_needs_placement" time="0.020" /><testcase classname="tests.test_hardening" name="test_latest_user_date_decision_controls_projection_but_journal_history_survives" time="0.079" /><testcase classname="tests.test_hardening" name="test_user_text_location_is_searchable_but_never_creates_gps" time="0.121" /><testcase classname="tests.test_hardening" name="test_user_confirmed_gps_overrides_effective_location_but_preserves_google_candidate" time="0.108" /><testcase classname="tests.test_hardening" name="test_user_month_decision_propagates_live_photo_folder_placement_only" time="0.026" /><testcase classname="tests.test_hardening" name="test_live_photo_user_correction_conflicting_with_companion_month_returns_both_to_review" time="0.028" /><testcase classname="tests.test_hardening" name="test_reapplying_live_photo_placement_does_not_duplicate_family_relation" time="0.030" /><testcase classname="tests.test_hardening" name="test_incremental_storage_preflight_uses_permanent_plus_largest_transient" time="0.007" /><testcase classname="tests.test_hardening" name="test_incremental_storage_preflight_fat32_checks_only_files_that_must_be_written" time="0.006" /><testcase classname="tests.test_hardening" name="test_executor_storage_preflight_classifies_first_import_as_new" time="0.022" /><testcase classname="tests.test_hardening" name="test_executor_unchanged_reimport_does_not_reserve_existing_media_again" time="0.265" /><testcase classname="tests.test_hardening" name="test_executor_metadata_update_reserves_history_not_full_media" time="0.347" /><testcase classname="tests.test_hardening" name="test_executor_relocation_reserves_transient_media_copy_but_not_second_permanent_media" time="0.341" /><testcase classname="tests.test_hardening" name="test_review_queue_unknown_date_is_blocking_but_never_assigns_a_date" time="0.007" /><testcase classname="tests.test_hardening" name="test_review_queue_known_month_with_unknown_location_is_optional_not_blocking" time="0.015" /><testcase classname="tests.test_hardening" name="test_review_queue_includes_non_authoritative_sequence_suggestion" time="0.001" /><testcase classname="tests.test_hardening" name="test_review_queue_json_is_open_and_roundtrippable" time="0.019" /><testcase classname="tests.test_hardening" name="test_planning_and_storage_preflight_are_strictly_read_only" time="0.010" /><testcase classname="tests.test_hardening" name="test_run_preview_is_read_only_and_reports_new_action" time="0.011" /><testcase classname="tests.test_hardening" name="test_run_preview_unknown_date_is_needs_review_not_execution_blocked" time="0.010" /><testcase classname="tests.test_hardening" name="test_run_preview_storage_failure_blocks_execution_without_writing" time="0.011" /><testcase classname="tests.test_hardening" name="test_source_vault_preserves_raw_takeout_zip_byte_for_byte" time="0.032" /><testcase classname="tests.test_hardening" name="test_source_vault_deduplicates_identical_archive_bytes_but_keeps_occurrence_records" time="0.058" /><testcase classname="tests.test_hardening" name="test_source_vault_refuses_corrupted_existing_content_address" time="0.019" /><testcase classname="tests.test_hardening" name="test_source_vault_audit_detects_tampering" time="0.030" /><testcase classname="tests.test_hardening" name="test_source_vault_reimport_same_source_is_idempotent" time="0.030" /><testcase classname="tests.test_hardening" name="test_tampered_source_vault_blocks_google_retirement_gate" time="0.043" /><testcase classname="tests.test_hardening" name="test_unrelated_healthy_source_vault_does_not_satisfy_run_source_fingerprints" time="0.060" /><testcase classname="tests.test_hardening" name="test_filesystem_type_detection_is_read_only_and_best_effort" time="0.006" /><testcase classname="tests.test_hardening" name="test_automatic_filesystem_detection_can_enforce_fat32_limit" time="0.004" /><testcase classname="tests.test_hardening" name="test_run_manifest_records_destination_filesystem_type" time="0.083" /><testcase classname="tests.test_hardening" name="test_cli_preview_is_json_and_read_only" time="0.021" /><testcase classname="tests.test_hardening" name="test_cli_run_then_audit_roundtrip" time="0.169" /><testcase classname="tests.test_hardening" name="test_cli_vault_preserves_and_audits_source" time="0.047" /><testcase classname="tests.test_hardening" name="test_cli_verify_is_nonzero_until_retirement_gates_are_met" time="0.020" /><testcase classname="tests.test_hardening" name="test_retirement_verifier_can_hash_verify_actual_redundant_copy" time="0.065" /><testcase classname="tests.test_hardening" name="test_retirement_verifier_detects_damaged_redundant_copy" time="0.106" /><testcase classname="tests.test_hardening" name="test_cli_verify_can_use_actual_redundant_copy_path" time="0.121" /><testcase classname="tests.test_hardening" name="test_takeout_part_analysis_detects_internal_gap_but_not_unknown_trailing_part" time="0.001" /><testcase classname="tests.test_hardening" name="test_takeout_part_analysis_can_use_user_confirmed_expected_count" time="0.001" /><testcase classname="tests.test_hardening" name="test_retirement_gate_cannot_override_obvious_takeout_part_gap" time="0.016" /><testcase classname="tests.test_hardening" name="test_run_preview_surfaces_obvious_takeout_part_gap_before_writing" time="0.029" /><testcase classname="tests.test_hardening" name="test_exact_duplicate_album_and_year_copy_same_url_is_one_content_with_identity_hint" time="0.017" /><testcase classname="tests.test_hardening" name="test_identical_media_with_different_google_url_hints_preserves_possible_item_multiplicity" time="0.018" /><testcase classname="tests.test_hardening" name="test_identical_media_with_materially_different_sidecars_preserves_clusters_without_url" time="0.018" /><testcase classname="tests.test_hardening" name="test_asset_record_persists_content_identity_and_per_occurrence_context" time="0.162" /><testcase classname="tests.test_hardening" name="test_takeout_receipt_binds_expected_count_and_exact_run_hashes" time="0.019" /><testcase classname="tests.test_hardening" name="test_takeout_receipt_refuses_missing_confirmed_trailing_part" time="0.022" /><testcase classname="tests.test_hardening" name="test_takeout_receipt_requires_every_migration_source_hash_to_be_covered" time="0.033" /><testcase classname="tests.test_hardening" name="test_exit_evidence_requires_shared_partner_locked_scope_and_late_change_review" time="0.027" /><testcase classname="tests.test_hardening" name="test_strict_google_retirement_gate_requires_receipt_and_exit_evidence" time="0.159" /><testcase classname="tests.test_hardening" name="test_strict_retirement_gate_fails_if_receipt_confirms_more_parts_than_downloaded" time="0.107" /><testcase classname="tests.test_hardening" name="test_cli_can_create_takeout_receipt_and_exit_evidence" time="0.031" /><testcase classname="tests.test_hardening" name="test_movie_embedded_batch_opens_each_source_zip_once" time="0.026" /><testcase classname="tests.test_hardening" name="test_storage_independence_same_volume_cannot_be_overridden_by_confirmation" time="0.015" /><testcase classname="tests.test_hardening" name="test_storage_independence_accepts_confirmation_only_without_contradictory_machine_evidence" time="0.005" /><testcase classname="tests.test_hardening" name="test_retirement_gate_requires_separate_media_confirmation_even_for_hash_verified_copy" time="0.173" /><testcase classname="tests.test_hardening" name="test_retirement_gate_accepts_confirmation_when_distinct_volume_evidence_is_not_contradictory" time="0.064" /><testcase classname="tests.test_hardening" name="test_retirement_gate_accepts_machine_proven_disjoint_windows_physical_disks" time="0.086" /><testcase classname="tests.test_hardening" name="test_current_google_photos_video_extensions_are_classified_as_media" time="0.035" /><testcase classname="tests.test_hardening" name="test_common_google_supported_raw_extensions_are_preserved_as_media" time="0.025" /><testcase classname="tests.test_hardening" name="test_retirement_gate_rejects_same_volume_source_vault_confirmation" time="0.090" /><testcase classname="tests.test_hardening" name="test_source_vault_crash_after_bytes_commit_heals_on_rerun_reconciled" time="0.061" /><testcase classname="tests.test_hardening" name="test_verified_mirror_crash_resumes_without_overwrite_reconciled" time="0.046" /><testcase classname="tests.test_hardening" name="test_verified_mirror_full_preflight_blocks_foreign_destination_before_copy_reconciled" time="0.019" /><testcase classname="tests.test_hardening" name="test_tree_manifest_rejects_symlinks_reconciled" time="0.013" /><testcase classname="tests.test_hardening" name="test_reproducible_source_vault_and_mirror_fault_recovery_tool_smoke_reconciled" time="1.347" /><testcase classname="tests.test_hardening" name="test_complete_suite_registry_covers_every_release_test_module" time="0.067" /><testcase classname="tests.test_hardening" name="test_stage_bytes_disk_full_during_fsync_cleans_staging" time="0.009" /><testcase classname="tests.test_hardening" name="test_commit_no_overwrite_disk_full_removes_partial_destination_but_keeps_stage" time="0.025" /><testcase classname="tests.test_hardening" name="test_fsync_dir_propagates_real_storage_failure" time="0.007" /><testcase classname="tests.test_hardening" name="test_fsync_dir_ignores_unsupported_operation" time="0.020" /><testcase classname="tests.test_hardening" name="test_stage_copy_disk_full_during_file_fsync_cleans_staging" time="0.072" /><testcase classname="tests.test_hardening" name="test_commit_hardlink_dir_fsync_disk_full_rolls_back_dest_and_keeps_stage" time="0.031" /><testcase classname="tests.test_hardening" name="test_commit_hardlink_enospc_does_not_attempt_copy_fallback" time="0.019" /><testcase classname="tests.test_hardening" name="test_revision_pointer_replace_failure_keeps_old_pointer_and_cleans_stage" time="0.046" /><testcase classname="tests.test_hardening" name="test_revision_pointer_dir_fsync_failure_is_recoverable_without_stage_leak" time="0.031" /><testcase classname="tests.test_hardening" name="test_source_vault_commit_storage_failure_cleans_derived_stage" time="0.031" /><testcase classname="tests.test_hardening" name="test_mirror_commit_storage_failure_cleans_derived_stage_and_keeps_source" time="0.020" /><testcase classname="tests.test_hardening" name="test_mirror_stage_copy_device_loss_cleans_partial_stage" time="0.020" /><testcase classname="tests.test_hardening" name="test_source_vault_new_object_verification_failure_removes_unrecorded_dest" time="0.030" /><testcase classname="tests.test_hardening" name="test_mirror_new_destination_verification_failure_removes_unverified_copy" time="0.030" /><testcase classname="tests.test_hardening" name="test_write_json_new_dir_fsync_failure_preserves_primary_error_and_cleans_record" time="0.009" /><testcase classname="tests.test_hardening" name="test_source_vault_record_dir_fsync_failure_leaves_bytes_reusable_and_retryable" time="0.056" /><testcase classname="tests.test_hardening" name="test_source_vault_audit_reports_archive_read_eio_instead_of_crashing" time="0.053" /><testcase classname="tests.test_hardening" name="test_mirror_verify_reports_read_eio_as_mismatch_instead_of_crashing" time="0.025" /><testcase classname="tests.test_hardening" name="test_source_vault_audit_reports_records_directory_enumeration_eio" time="0.022" /><testcase classname="tests.test_hardening" name="test_source_vault_audit_reports_archives_directory_enumeration_eio" time="0.044" /><testcase classname="tests.test_hardening" name="test_archive_audit_reports_assets_directory_enumeration_eio" time="0.098" /><testcase classname="tests.test_hardening" name="test_archive_audit_reports_revisions_directory_enumeration_eio" time="0.108" /><testcase classname="tests.test_hardening" name="test_archive_audit_reports_blobs_directory_enumeration_eio" time="0.102" /><testcase classname="tests.test_hardening" name="test_archive_audit_reports_identity_observations_enumeration_eio" time="0.108" /><testcase classname="tests.test_hardening" name="test_archive_audit_reports_identity_sightings_enumeration_eio" time="0.138" /><testcase classname="tests.test_hardening" name="test_archive_audit_reports_runs_directory_enumeration_eio" time="0.111" /><testcase classname="tests.test_hardening" name="test_archive_audit_reports_media_hash_read_eio" time="0.113" /><testcase classname="tests.test_hardening" name="test_archive_audit_reports_xmp_hash_read_eio" time="0.155" /><testcase classname="tests.test_hardening" name="test_archive_audit_reports_blob_hash_read_eio" time="0.218" /><testcase classname="tests.test_hardening" name="test_archive_audit_reports_unclassified_hash_read_eio" time="0.136" /><testcase classname="tests.test_hardening" name="test_checked_exists_distinguishes_missing_from_stat_eio" time="0.009" /><testcase classname="tests.test_hardening" name="test_archive_audit_reports_media_stat_eio" time="0.117" /><testcase classname="tests.test_hardening" name="test_archive_audit_reports_current_revision_stat_eio" time="0.120" /><testcase classname="tests.test_hardening" name="test_archive_audit_reports_runs_directory_stat_eio" time="0.108" /><testcase classname="tests.test_hardening" name="test_archive_audit_reports_unclassified_stat_eio_not_missing" time="0.106" /><testcase classname="tests.test_hardening" name="test_checked_kind_surfaces_stat_eio_instead_of_false" time="0.005" /><testcase classname="tests.test_hardening" name="test_archive_audit_reports_asset_entry_stat_eio_not_silent_skip" time="0.088" /><testcase classname="tests.test_hardening" name="test_archive_audit_reports_blob_entry_stat_eio_not_silent_skip" time="0.225" /><testcase classname="tests.test_hardening" name="test_archive_audit_reports_current_revision_read_eio_explicitly" time="0.114" /><testcase classname="tests.test_hardening" name="test_archive_audit_classifies_current_pointer_read_eio_as_unreadable" time="0.109" /><testcase classname="tests.test_hardening" name="test_archive_audit_classifies_revision_read_eio_as_unreadable" time="0.091" /><testcase classname="tests.test_hardening" name="test_archive_audit_classifies_xmp_xml_read_eio_as_unreadable_not_invalid" time="0.152" /><testcase classname="tests.test_hardening" name="test_archive_audit_classifies_identity_observation_read_eio_as_unreadable" time="0.144" /><testcase classname="tests.test_hardening" name="test_archive_audit_classifies_identity_sighting_read_eio_as_unreadable" time="0.113" /><testcase classname="tests.test_hardening" name="test_archive_audit_classifies_run_manifest_read_eio_as_unreadable" time="0.108" /><testcase classname="tests.test_hardening" name="test_archive_audit_reports_nonobject_run_manifest_without_crashing" time="0.098" /><testcase classname="tests.test_hardening" name="test_archive_audit_reports_nonarray_unclassified_manifest_field_without_crashing" time="0.309" /><testcase classname="tests.test_hardening" name="test_archive_audit_reports_scalar_unclassified_manifest_entry_and_continues" time="0.155" /><testcase classname="tests.test_heif_avif_qualification" name="test_good_avif_candidate_passes_item_payload_decode_and_readback" time="0.732"><failure message="AssertionError: assert ('gpa.exiftool...-roundtrip.v1' == 'gpa.exiftool...-roundtrip.v1'&#10;  &#10;    gpa.exiftool-avif-roundtrip.v1 and False)&#10; +  where False = FormatQualificationReport(schema='gpa.exiftool-format-qualification.v1', harness='gpa.exiftool-avif-roundtrip.v1', for...'schema': 'gpa.media-validation.v1'}, 'readback_keys': ['XMP-dc:Description', 'XMP-photoshop:DateCreated']}, errors=[]).passed">tmp_path = WindowsPath('C:/Users/steph/AppData/Local/Temp/pytest-of-steph/pytest-57/test_good_avif_candidate_passe0')

    def test_good_avif_candidate_passes_item_payload_decode_and_readback(tmp_path):
        r = qualify_exiftool_format(_fake(tmp_path), tmp_path/'work', format_profile_id='avif-single-v1')
&gt;       assert r.harness == AVIF_HARNESS_ID and r.passed
E       AssertionError: assert ('gpa.exiftool...-roundtrip.v1' == 'gpa.exiftool...-roundtrip.v1'
E         
E           gpa.exiftool-avif-roundtrip.v1 and False)
E        +  where False = FormatQualificationReport(schema='gpa.exiftool-format-qualification.v1', harness='gpa.exiftool-avif-roundtrip.v1', for...'schema': 'gpa.media-validation.v1'}, 'readback_keys': ['XMP-dc:Description', 'XMP-photoshop:DateCreated']}, errors=[]).passed

tests\test_heif_avif_qualification.py:52: AssertionError</failure></testcase><testcase classname="tests.test_heif_avif_qualification" name="test_avif_coded_item_payload_change_is_detected" time="0.736" /><testcase classname="tests.test_heif_avif_qualification" name="test_heif_item_fingerprint_ignores_only_exif_and_xmp_metadata" time="0.002" /><testcase classname="tests.test_heif_avif_qualification" name="test_heif_item_fingerprint_supports_idat_construction_method_one" time="0.002" /><testcase classname="tests.test_heif_avif_qualification" name="test_heif_unknown_mime_item_is_protected_not_assumed_metadata" time="0.002" /><testcase classname="tests.test_heif_avif_qualification" name="test_heif_unsupported_construction_and_external_reference_fail_closed" time="0.002" /><testcase classname="tests.test_heif_avif_qualification" name="test_real_avif_exif_xmp_changes_do_not_change_protected_item_fingerprint" time="0.024" /><testcase classname="tests.test_heif_avif_qualification" name="test_pinned_heic_fixture_exact_provenance_and_real_decode" time="0.258" /><testcase classname="tests.test_heif_avif_qualification" name="test_good_heic_candidate_passes_pinned_fixture_payload_decode_and_readback" time="0.749" /><testcase classname="tests.test_heif_avif_qualification" name="test_heic_payload_mutation_is_detected" time="0.712" /><testcase classname="tests.test_heif_avif_qualification" name="test_heic_qualification_requires_exact_pinned_fixture" time="0.160" /><testcase classname="tests.test_heif_avif_qualification" name="test_heic_fixture_symlink_is_rejected" time="0.006" /><testcase classname="tests.test_heif_avif_qualification" name="test_heic_cli_requires_and_records_fixture" time="0.738" /><testcase classname="tests.test_heif_avif_qualification" name="test_heic_fixture_provenance_manifest_and_license_are_self_consistent" time="0.002" /><testcase classname="tests.test_identity_observations" name="test_cross_run_same_bytes_different_google_urls_preserve_two_identity_observations" time="0.215" /><testcase classname="tests.test_identity_observations" name="test_same_google_url_with_corrected_metadata_is_one_probable_item_with_history" time="0.199" /><testcase classname="tests.test_identity_observations" name="test_repeated_album_year_manifestation_deduplicates_identity_observation" time="0.175" /><testcase classname="tests.test_identity_observations" name="test_cross_run_no_url_material_disagreement_remains_possible_multiplicity" time="0.210" /><testcase classname="tests.test_identity_observations" name="test_catalog_rebuild_surfaces_persistent_identity_review_without_using_stale_metadata" time="0.261" /><testcase classname="tests.test_identity_observations" name="test_audit_verifies_identity_observation_hash_and_sighting_links" time="0.166" /><testcase classname="tests.test_identity_observations" name="test_backfill_identity_observations_upgrades_legacy_revisions_idempotently" time="0.030" /><testcase classname="tests.test_identity_observations" name="test_cli_backfill_identity_command" time="0.041" /><testcase classname="tests.test_identity_observations" name="test_preview_detects_cross_run_identity_multiplicity_before_writing" time="0.128" /><testcase classname="tests.test_identity_observations" name="test_verification_reports_persistent_identity_review_without_claiming_metadata_complete" time="0.202" /><testcase classname="tests.test_identity_observations" name="test_portable_xmp_keeps_agreed_description_despite_nonportable_json_differences" time="0.011" /><testcase classname="tests.test_identity_observations" name="test_portable_xmp_omits_disputed_description_for_identical_bytes" time="0.005" /><testcase classname="tests.test_identity_observations" name="test_cli_audit_reports_identity_ledger_counts" time="0.194" /><testcase classname="tests.test_live_photo_integrity" name="test_independent_apple_makernote_content_identifier_parser" time="0.002" /><testcase classname="tests.test_live_photo_integrity" name="test_live_photo_pair_integrity_verifies_matching_ids_and_media" time="0.237" /><testcase classname="tests.test_live_photo_integrity" name="test_live_photo_pair_mismatched_ids_fail_identity_without_mutation" time="0.250" /><testcase classname="tests.test_live_photo_integrity" name="test_live_photo_pair_corrupt_movie_fails_health" time="0.156" /><testcase classname="tests.test_live_photo_integrity" name="test_live_photo_pair_wrong_suffixes_fail_closed" time="0.084" /><testcase classname="tests.test_live_photo_integrity" name="test_cli_inspect_live_photo_pair" time="0.335" /><testcase classname="tests.test_live_photo_integrity" name="test_independent_heif_primary_exif_content_identifier_parser_preserves_hevc_payload" time="0.003" /><testcase classname="tests.test_live_photo_integrity" name="test_heic_mov_live_photo_pair_identity_and_health_are_verified_read_only" time="0.369" /><testcase classname="tests.test_live_photo_integrity" name="test_live_photo_timed_metadata_parser_matches_documented_edit_timing" time="0.001" /><testcase classname="tests.test_live_photo_integrity" name="test_live_photo_timed_metadata_parser_distinguishes_zero_from_absence" time="0.001" /><testcase classname="tests.test_live_photo_integrity" name="test_live_photo_timed_metadata_parser_supports_v1_edit_lists" time="0.001" /><testcase classname="tests.test_live_photo_integrity" name="test_live_photo_timed_metadata_parser_rejects_multisample_and_nonleading_empty" time="0.001" /><testcase classname="tests.test_live_photo_integrity" name="test_live_photo_timed_metadata_parser_rejects_ambiguous_duplicate_tracks" time="0.001" /><testcase classname="tests.test_media_validation" name="test_valid_jpeg_records_pillow_version" time="0.014" /><testcase classname="tests.test_media_validation" name="test_corrupt_jpeg_is_failed_not_unavailable" time="0.015" /><testcase classname="tests.test_media_validation" name="test_raw_without_qualified_validator_is_explicitly_unavailable" time="0.189" /><testcase classname="tests.test_media_validation" name="test_valid_mp4_requires_video_stream_and_records_ffprobe_version" time="0.182" /><testcase classname="tests.test_media_validation" name="test_audio_only_mp4_fails_video_validation" time="0.236" /><testcase classname="tests.test_media_validation" name="test_heif_validator_records_libheif_version_when_available" time="0.157" /><testcase classname="tests.test_media_validation" name="test_audit_rejects_passed_validation_without_version_provenance" time="0.033" /><testcase classname="tests.test_media_validation" name="test_failed_media_validation_is_preservation_evidence_not_hash_corruption" time="0.018" /><testcase classname="tests.test_media_validation" name="test_retirement_gate_blocks_unvalidated_current_media" time="0.050" /><testcase classname="tests.test_media_validation" name="test_retirement_gate_can_explicitly_ignore_validation_for_legacy_analysis" time="0.022" /><testcase classname="tests.test_media_validation" name="test_validation_is_bound_to_exact_media_hash" time="0.008" /><testcase classname="tests.test_media_validation" name="test_wrong_expected_hash_fails_even_when_image_decodes" time="0.008" /><testcase classname="tests.test_media_validation" name="test_audit_rejects_passed_validation_bound_to_other_media" time="0.033" /><testcase classname="tests.test_media_validation" name="test_audit_rejects_passed_validation_without_exact_build_fingerprint" time="0.042" /><testcase classname="tests.test_media_validation" name="test_incremental_relocation_preserves_validation_bound_to_same_media" time="0.211" /><testcase classname="tests.test_media_validation" name="test_incremental_relocation_does_not_promote_unbound_legacy_validation" time="0.153" /><testcase classname="tests.test_media_validation" name="test_reproducible_real_jpeg_incremental_stress_tool_smoke" time="3.082" /><testcase classname="tests.test_media_validation" name="test_reproducible_mixed_jpeg_mp4_incremental_stress_tool_smoke" time="2.418" /><testcase classname="tests.test_media_validation" name="test_ffprobe_embedded_raw_evidence_omits_ephemeral_probe_filename" time="0.001" /><testcase classname="tests.test_media_validation" name="test_reproducible_mixed_media_fault_recovery_stress_tool_smoke" time="2.440" /><testcase classname="tests.test_product_integration" name="test_cli_product_init_qualify_set_status" time="0.137" /><testcase classname="tests.test_product_integration" name="test_product_status_after_real_migration_still_fails_closed" time="0.243" /><testcase classname="tests.test_product_integration" name="test_product_dashboard_blocks_after_source_changed_post_migration" time="0.183" /><testcase classname="tests.test_product_integration" name="test_product_set_boolean_can_be_reversed" time="0.077" /><testcase classname="tests.test_product_workflow" name="test_fingerprint_source_is_stable_and_read_only" time="0.022" /><testcase classname="tests.test_product_workflow" name="test_fingerprint_rejects_non_zip" time="0.008" /><testcase classname="tests.test_product_workflow" name="test_fingerprint_rejects_invalid_zip" time="0.009" /><testcase classname="tests.test_product_workflow" name="test_create_and_load_session" time="0.026" /><testcase classname="tests.test_product_workflow" name="test_session_creation_never_overwrites" time="0.014" /><testcase classname="tests.test_product_workflow" name="test_session_requires_source" time="0.005" /><testcase classname="tests.test_product_workflow" name="test_verify_session_sources_detects_change" time="0.016" /><testcase classname="tests.test_product_workflow" name="test_real_takeout_qualification_preserves_source_bytes" time="0.019" /><testcase classname="tests.test_product_workflow" name="test_real_takeout_qualification_reports_known_part_gap" time="0.032" /><testcase classname="tests.test_product_workflow" name="test_real_takeout_qualification_report_is_no_overwrite" time="0.035" /><testcase classname="tests.test_product_workflow" name="test_dashboard_fails_closed_with_only_session" time="0.020" /><testcase classname="tests.test_product_workflow" name="test_dashboard_detects_source_mutation" time="0.029" /><testcase classname="tests.test_product_workflow" name="test_dashboard_apple_gate_is_conditional" time="0.021" /><testcase classname="tests.test_product_workflow" name="test_qualification_file_must_have_expected_schema_and_pass" time="0.023" /><testcase classname="tests.test_product_workflow" name="test_dashboard_rows_are_view_only_projection" time="0.001" /><testcase classname="tests.test_product_workflow" name="test_real_takeout_report_is_bound_to_exact_session_sources" time="0.056" /><testcase classname="tests.test_product_workflow" name="test_real_takeout_report_for_same_sources_can_pass_gate" time="0.043" /><testcase classname="tests.test_product_workflow" name="test_forged_windows_report_without_checks_is_rejected" time="0.031" /><testcase classname="tests.test_product_workflow" name="test_forged_windows_report_on_nonwindows_platform_is_rejected" time="0.026" /><testcase classname="tests.test_product_workflow" name="test_update_product_session_roundtrip" time="0.032" /><testcase classname="tests.test_product_workflow" name="test_update_product_session_rejects_unknown_field" time="0.021" /><testcase classname="tests.test_product_workflow" name="test_session_rejects_duplicate_source_path" time="0.007" /><testcase classname="tests.test_product_workflow" name="test_real_takeout_qualification_fails_closed_on_unclassified_material" time="0.020" /><testcase classname="tests.test_product_workflow" name="test_dashboard_preview_gate_requires_ready_not_needs_review" time="0.014" /><testcase classname="tests.test_product_workflow" name="test_missing_qualification_file_fails_closed" time="0.027" /><testcase classname="tests.test_product_workflow" name="test_malformed_session_schema_is_rejected" time="0.017" /><testcase classname="tests.test_product_workflow" name="test_session_update_replace_failure_leaves_previous_session_intact" time="0.022" /><testcase classname="tests.test_qualification_fixtures_acquire" name="test_acquire_fixture_downloads_verifies_and_reuses" time="0.018" /><testcase classname="tests.test_qualification_fixtures_acquire" name="test_acquire_fixture_conflicting_existing_bytes_fail_without_overwrite" time="0.006" /><testcase classname="tests.test_qualification_fixtures_acquire" name="test_acquire_fixture_rejects_insecure_source_or_redirect" time="0.007" /><testcase classname="tests.test_qualification_fixtures_acquire" name="test_acquire_fixture_bad_download_never_commits_or_leaves_staging" time="0.009" /><testcase classname="tests.test_raw_corpus" name="test_canonical_public_manifest_has_exact_diverse_pinned_samples" time="0.013" /><testcase classname="tests.test_raw_corpus" name="test_manifest_rejects_extension_family_mismatch_and_path_traversal" time="0.017" /><testcase classname="tests.test_raw_corpus" name="test_exact_hash_diverse_corpus_passes_and_binds_one_decoder" time="0.050" /><testcase classname="tests.test_raw_corpus" name="test_hash_mismatch_fails_before_decoder_probe" time="0.017" /><testcase classname="tests.test_raw_corpus" name="test_missing_sample_and_insufficient_diversity_fail_closed" time="0.018" /><testcase classname="tests.test_raw_corpus" name="test_symlinked_sample_is_rejected_without_following_it" time="0.018" /><testcase classname="tests.test_raw_corpus" name="test_decoder_unavailable_and_decoder_identity_drift_fail" time="0.026" /><testcase classname="tests.test_raw_corpus" name="test_source_mutation_during_probe_is_detected" time="0.029" /><testcase classname="tests.test_raw_corpus" name="test_report_writer_is_no_overwrite" time="0.032" /><testcase classname="tests.test_raw_corpus" name="test_cli_qualify_raw_corpus_uses_canonical_policy_and_writes_report" time="0.115" /><testcase classname="tests.test_raw_corpus_fetch" name="test_parse_raw_pixls_style_index_and_reject_malformed_or_conflicting_rows" time="0.001" /><testcase classname="tests.test_raw_corpus_fetch" name="test_successful_fetch_encodes_paths_hashes_before_commit_and_records_final_urls" time="0.041" /><testcase classname="tests.test_raw_corpus_fetch" name="test_second_fetch_reuses_exact_files_but_rechecks_live_source_index" time="0.011" /><testcase classname="tests.test_raw_corpus_fetch" name="test_preexisting_mismatch_fails_closed_and_preserves_existing_bytes" time="0.026" /><testcase classname="tests.test_raw_corpus_fetch" name="test_source_index_mismatch_blocks_all_sample_download_requests" time="0.008" /><testcase classname="tests.test_raw_corpus_fetch" name="test_download_hash_mismatch_cleans_temp_and_creates_no_destination" time="0.012" /><testcase classname="tests.test_raw_corpus_fetch" name="test_non_https_redirect_fails_closed_for_index_and_sample" time="0.011" /><testcase classname="tests.test_raw_corpus_fetch" name="test_symlinked_samples_root_and_parent_fail_untouched" time="0.012" /><testcase classname="tests.test_raw_corpus_fetch" name="test_fetch_report_writer_is_no_overwrite" time="0.027" /><testcase classname="tests.test_raw_corpus_fetch" name="test_cli_fetch_raw_corpus_writes_machine_report_and_uses_no_overwrite" time="0.050" /><testcase classname="tests.test_raw_validation" name="test_raw_probe_is_explicitly_unavailable_when_decoder_cannot_import" time="0.193" /><testcase classname="tests.test_raw_validation" name="test_isolated_rawpy_libraw_decode_records_exact_provenance_and_dimensions" time="0.239" /><testcase classname="tests.test_raw_validation" name="test_validate_media_raw_pass_is_bound_to_media_hash_and_decoder_build" time="0.198" /><testcase classname="tests.test_raw_validation" name="test_raw_decode_failure_is_failed_not_unavailable_when_decoder_exists" time="0.197" /><testcase classname="tests.test_raw_validation" name="test_supposedly_read_only_raw_validator_mutation_is_detected" time="0.198" /><testcase classname="tests.test_raw_validation" name="test_raw_probe_hang_is_bounded_and_failed" time="0.131" /><testcase classname="tests.test_raw_validation" name="test_raw_writer_profile_remains_blocked_despite_read_only_decoder_lane" time="0.001" /><testcase classname="tests.test_realworld_handoff" name="test_prepare_handoff_binds_exact_sources_without_copying_takeout" time="0.053" /><testcase classname="tests.test_realworld_handoff" name="test_handoff_never_claims_windows_evidence_or_approval" time="0.030" /><testcase classname="tests.test_realworld_handoff" name="test_handoff_refuses_nonempty_destination" time="0.022" /><testcase classname="tests.test_realworld_handoff" name="test_handoff_fails_integrity_flag_after_source_mutation" time="0.027" /><testcase classname="tests.test_realworld_handoff" name="test_powershell_runner_is_parameterized_and_has_no_takeout_path" time="0.047" /><testcase classname="tests.test_realworld_handoff" name="test_host_diagnostics_never_passes_nonwindows_as_windows_evidence" time="0.008" /><testcase classname="tests.test_realworld_handoff" name="test_host_diagnostics_redacts_hostname_to_hash" time="0.006" /><testcase classname="tests.test_realworld_handoff" name="test_privacy_bundle_excludes_paths_names_and_source_bytes" time="0.050" /><testcase classname="tests.test_realworld_handoff" name="test_privacy_bundle_source_hashes_opt_in" time="0.048" /><testcase classname="tests.test_realworld_handoff" name="test_privacy_bundle_rejects_malformed_report_but_still_creates_diagnostic_bundle" time="0.035" /><testcase classname="tests.test_realworld_handoff" name="test_privacy_bundle_is_no_overwrite" time="0.035" /><testcase classname="tests.test_realworld_integration" name="test_cli_prepares_real_world_handoff_and_preserves_not_ready" time="0.060" /><testcase classname="tests.test_realworld_integration" name="test_cli_host_diagnostics_writes_report_and_fails_closed_here" time="0.026" /><testcase classname="tests.test_realworld_integration" name="test_cli_privacy_bundle_has_no_source_zip_bytes" time="0.090" /><testcase classname="tests.test_relationship_evidence" name="test_relationship_evidence_is_review_ready_but_never_approval" time="0.015" /><testcase classname="tests.test_relationship_evidence" name="test_tampered_format_bundle_or_relationship_id_blocks_review" time="0.018" /><testcase classname="tests.test_relationship_evidence" name="test_relationship_damage_or_identity_mismatch_blocks_review" time="0.019" /><testcase classname="tests.test_relationship_evidence" name="test_report_file_bundle_rehashes_live_candidate_and_write_once" time="0.068" /><testcase classname="tests.test_relationship_evidence" name="test_unknown_relationship_profile_fails_closed" time="0.013" /><testcase classname="tests.test_relationship_evidence" name="test_relationship_evidence_cli_writes_review_ready_bundle" time="0.046" /><testcase classname="tests.test_relationship_evidence" name="test_live_photo_relationship_evidence_binds_both_component_formats" time="0.015" /><testcase classname="tests.test_relationship_evidence" name="test_live_photo_relationship_evidence_fails_without_or_with_wrong_secondary_format" time="0.019" /><testcase classname="tests.test_relationship_evidence" name="test_live_photo_relationship_evidence_cli_requires_and_binds_secondary_report" time="0.063" /><testcase classname="tests.test_relationship_roundtrip_qualification" name="test_good_motion_photo_candidate_preserves_composite_relationship" time="0.732" /><testcase classname="tests.test_relationship_roundtrip_qualification" name="test_motion_photo_relationship_damage_fails_closed[video-change-video_bytes_unchanged]" time="0.649" /><testcase classname="tests.test_relationship_roundtrip_qualification" name="test_motion_photo_relationship_damage_fails_closed[structure-break-relationship_structure_preserved]" time="0.553" /><testcase classname="tests.test_relationship_roundtrip_qualification" name="test_motion_photo_relationship_damage_fails_closed[strip-video-relationship_structure_preserved]" time="0.560" /><testcase classname="tests.test_relationship_roundtrip_qualification" name="test_duplicate_structural_motion_xmp_fails_closed_as_ambiguous" time="0.544" /><testcase classname="tests.test_relationship_roundtrip_qualification" name="test_noop_wrong_readback_and_hung_candidate_fail" time="1.425" /><testcase classname="tests.test_relationship_roundtrip_qualification" name="test_relationship_qualification_binds_distribution_identity" time="0.674" /><testcase classname="tests.test_relationship_roundtrip_qualification" name="test_relationship_report_is_write_once_and_timeout_validation" time="0.667" /><testcase classname="tests.test_relationship_roundtrip_qualification" name="test_cli_motion_photo_relationship_qualification_writes_report" time="0.650" /><testcase classname="tests.test_relationship_roundtrip_qualification" name="test_good_live_photo_candidate_preserves_pair_relationship" time="1.202" /><testcase classname="tests.test_relationship_roundtrip_qualification" name="test_live_photo_relationship_damage_fails_closed[content-id-break-content_identifier_preserved]" time="1.105" /><testcase classname="tests.test_relationship_roundtrip_qualification" name="test_live_photo_relationship_damage_fails_closed[timing-break-timing_resource_preserved]" time="1.167" /><testcase classname="tests.test_relationship_roundtrip_qualification" name="test_live_photo_relationship_damage_fails_closed[video-change-video_mdat_unchanged]" time="1.436" /><testcase classname="tests.test_relationship_roundtrip_qualification" name="test_live_photo_relationship_binds_distribution_identity" time="1.368" /><testcase classname="tests.test_relationship_roundtrip_qualification" name="test_cli_live_photo_relationship_qualification_writes_report" time="1.351" /><testcase classname="tests.test_relationship_roundtrip_qualification" name="test_live_photo_noop_wrong_readback_and_hung_candidate_fail" time="2.804" /><testcase classname="tests.test_relationship_roundtrip_qualification" name="test_good_heic_motion_photo_candidate_uses_exact_pinned_fixture_and_preserves_relationship" time="1.268" /><testcase classname="tests.test_relationship_roundtrip_qualification" name="test_isobmff_motion_photo_relationship_damage_fails_closed[avif-single-v1-None]" time="0.701" /><testcase classname="tests.test_relationship_roundtrip_qualification" name="test_isobmff_motion_photo_relationship_damage_fails_closed[heic-single-v1-fixture1]" time="1.126" /><testcase classname="tests.test_relationship_roundtrip_qualification" name="test_heic_motion_photo_requires_exact_pinned_fixture" time="0.442" /><testcase classname="tests.test_relationship_roundtrip_qualification" name="test_cli_heic_motion_photo_relationship_qualification_requires_pinned_fixture" time="1.033" /><testcase classname="tests.test_windows_qualification" name="test_windows_core_qualification_passes_only_with_machine_storage_and_raw_evidence" time="0.008" /><testcase classname="tests.test_windows_qualification" name="test_windows_core_qualification_fails_closed_when_required_evidence_is_missing[platform]" time="0.010" /><testcase classname="tests.test_windows_qualification" name="test_windows_core_qualification_fails_closed_when_required_evidence_is_missing[storage]" time="0.010" /><testcase classname="tests.test_windows_qualification" name="test_windows_core_qualification_fails_closed_when_required_evidence_is_missing[raw]" time="0.011" /><testcase classname="tests.test_windows_qualification" name="test_windows_core_requires_real_existing_target_directories" time="0.011" /><testcase classname="tests.test_windows_qualification" name="test_windows_core_optional_raw_fetch_is_bound_and_failure_blocks" time="0.009" /><testcase classname="tests.test_windows_qualification" name="test_windows_core_cli_writes_no_overwrite_report" time="0.057" /><testcase classname="tests.test_windows_release_qualification" name="test_good_windows_release_session_binds_core_and_exiftool" time="0.023" /><testcase classname="tests.test_windows_release_qualification" name="test_windows_core_failure_keeps_session_failed" time="0.013" /><testcase classname="tests.test_windows_release_qualification" name="test_missing_local_exiftool_is_fail_closed_without_fetch" time="0.008" /><testcase classname="tests.test_windows_release_qualification" name="test_fetch_exiftool_uses_pinned_acquisition" time="0.012" /><testcase classname="tests.test_windows_release_qualification" name="test_bad_exiftool_admission_stops_before_candidate_execution" time="0.013" /><testcase classname="tests.test_windows_release_qualification" name="test_base_qualification_failure_blocks_review" time="0.015" /><testcase classname="tests.test_windows_release_qualification" name="test_report_write_is_no_overwrite" time="0.036" /><testcase classname="tests.test_windows_release_qualification" name="test_timeouts_must_be_positive" time="0.008" /><testcase classname="tests.test_windows_release_qualification" name="test_cli_windows_release_writes_report" time="0.024" /><testcase classname="tests.test_windows_storage" name="test_windows_volume_probe_records_extents_and_eligible_device_identities" time="0.001" /><testcase classname="tests.test_windows_storage" name="test_windows_volume_probe_virtual_disk_keeps_extent_but_withholds_hardware_proof" time="0.001" /><testcase classname="tests.test_windows_storage" name="test_windows_volume_probe_descriptor_failure_fails_hardware_identity_closed_not_extent_evidence" time="0.001" /><testcase classname="tests.test_windows_storage" name="test_volume_with_duplicate_device_serials_withholds_hardware_identity_proof" time="0.001" /><testcase classname="tests.test_windows_storage" name="test_windows_volume_probe_remote_fails_closed_before_volume_management_calls" time="0.001" /><testcase classname="tests.test_windows_storage" name="test_windows_volume_probe_non_windows_without_injected_api_is_unavailable" time="0.001" /><testcase classname="tests.test_windows_storage" name="test_volume_disk_extents_parser_honors_native_structure_alignment" time="0.001" /><testcase classname="tests.test_windows_storage" name="test_volume_disk_extents_parser_rejects_truncation" time="0.001" /><testcase classname="tests.test_windows_storage" name="test_storage_device_descriptor_parser_records_bus_serial_and_eligibility" time="0.001" /><testcase classname="tests.test_windows_storage" name="test_storage_device_descriptor_virtual_and_missing_serial_are_not_eligible" time="0.001" /><testcase classname="tests.test_windows_storage" name="test_storage_device_descriptor_parser_rejects_bad_string_offset" time="0.001" /><testcase classname="tests.test_windows_storage" name="test_windows_storage_identity_direct_disjoint_devices_are_machine_proven" time="0.010" /><testcase classname="tests.test_windows_storage" name="test_disjoint_virtual_disk_numbers_do_not_auto_prove_physical_hardware" time="0.009" /><testcase classname="tests.test_windows_storage" name="test_disjoint_disk_numbers_with_missing_serial_do_not_auto_prove" time="0.009" /><testcase classname="tests.test_windows_storage" name="test_distinct_disk_numbers_with_same_serial_are_identity_conflict_and_block_confirmation" time="0.011" /><testcase classname="tests.test_windows_storage" name="test_windows_storage_identity_different_partitions_same_disk_block_confirmation" time="0.011" /><testcase classname="tests.test_windows_storage" name="test_windows_storage_identity_spanned_volume_overlap_blocks_independence" time="0.011" /><testcase classname="tests.test_windows_storage" name="test_windows_remote_or_unsupported_topology_never_auto_proves_physical_independence" time="0.011" /><testcase classname="tests.test_windows_storage" name="test_ioctl_constants_match_windows_storage_control_codes" time="0.001" /><testcase classname="tests.test_windows_storage" name="test_bus_types_explicitly_distinguish_virtual_network_and_spaces" time="0.001" /><testcase classname="tests.test_windows_storage" name="test_windows_storage_qualification_cli_fails_closed_off_windows" time="0.008" /><testcase classname="tests.test_windows_writer_qualification" name="test_good_writer_review_binds_all_formats_and_relationships" time="0.032" /><testcase classname="tests.test_windows_writer_qualification" name="test_failed_windows_release_stops_before_writer_execution" time="0.012" /><testcase classname="tests.test_windows_writer_qualification" name="test_live_archive_identity_mismatch_fails_closed" time="0.019" /><testcase classname="tests.test_windows_writer_qualification" name="test_format_failure_blocks_governance_review" time="0.029" /><testcase classname="tests.test_windows_writer_qualification" name="test_candidate_identity_mismatch_is_detected" time="0.017" /><testcase classname="tests.test_windows_writer_qualification" name="test_profile_selection_can_run_bounded_subset" time="0.018" /><testcase classname="tests.test_windows_writer_qualification" name="test_profiles_must_be_unique_and_supported" time="0.010" /><testcase classname="tests.test_windows_writer_qualification" name="test_report_is_no_overwrite" time="0.033" /></testsuite></testsuites>